<?xml version="1.0" encoding="UTF-8"?>
<!-- Generated by org.testng.reporters.JUnitReportReporter -->
<testsuite skipped="0" hostname="NPRAJ" name="com.demoappium.test1" tests="1" failures="0" timestamp="08 Jun 2017 01:42:15 GMT" time="17.396" errors="0">
  <testcase name="testcase1" time="17.396" classname="com.demoappium.test1"/>
</testsuite> <!-- com.demoappium.test1 -->
