<?xml version="1.0" encoding="UTF-8"?>
<!-- Generated by org.testng.reporters.JUnitReportReporter -->
<testsuite skipped="0" hostname="NPRAJ" name="com.demoappium.AppiumTestNGDemo" tests="1" failures="0" timestamp="09 Jun 2017 01:46:33 GMT" time="20.327" errors="0">
  <testcase name="testcase1" time="20.327" classname="com.demoappium.AppiumTestNGDemo"/>
</testsuite> <!-- com.demoappium.AppiumTestNGDemo -->
