<?xml version="1.0" encoding="UTF-8"?>
<!-- Generated by org.testng.reporters.JUnitReportReporter -->
<testsuite skipped="0" hostname="LAPTOP-20464U94" name="com.demoappium.Chromebrowserapp" tests="1" failures="0" timestamp="27 Nov 2019 22:39:37 GMT" time="40.972" errors="0">
  <testcase name="testcase" time="40.972" classname="com.demoappium.Chromebrowserapp"/>
</testsuite> <!-- com.demoappium.Chromebrowserapp -->
