<?xml version="1.0" encoding="UTF-8"?>
<!-- Generated by org.testng.reporters.JUnitReportReporter -->
<testsuite skipped="0" hostname="LAPTOP-20464U94" name="com.demoappium.How_3_InvokeApp_TestNG" tests="1" failures="0" timestamp="10 Apr 2021 01:57:50 GMT" time="33.540" errors="0">
  <testcase name="testcase1" time="33.540" classname="com.demoappium.How_3_InvokeApp_TestNG"/>
</testsuite> <!-- com.demoappium.How_3_InvokeApp_TestNG -->
